<?xml version="1.0" encoding="UTF-8"?>
<!-- Generated by org.testng.reporters.JUnitXMLReporter -->
<testsuite ignored="1" hostname="LAPTOP-ABGB6O97" failures="0" tests="1" name="Default test" time="9.708" errors="0" timestamp="2023-12-21T20:17:50 IST">
  <testcase classname="Test.MessageTest" name="verifyMessageSearch" time="3.862"/>
  <testcase classname="Test.MessageTest" name="verifyAddMessage" time="0.0">
    <ignored/>
  </testcase> <!-- verifyAddMessage -->
</testsuite> <!-- Default test -->
